生成启动时间为 2016/5/1 16:54:11。
     1>项目“E:\study\C++code\Reverse\Reverse\Reverse.vcxproj”在节点 2 上(Build 个目标)。
     1>ClCompile:
         D:\VS2013\VC\bin\CL.exe /c /ZI /nologo /W3 /WX- /sdl /Od /Oy- /D WIN32 /D _DEBUG /D _CONSOLE /D _LIB /D _UNICODE /D UNICODE /Gm /EHsc /RTC1 /MDd /GS /fp:precise /Zc:wchar_t /Zc:forScope /Yu"stdafx.h" /Fp"Debug\Reverse.pch" /Fo"Debug\\" /Fd"Debug\vc120.pdb" /Gd /TP /analyze- /errorReport:prompt Reverse.cpp
         Reverse.cpp
     1>e:\study\c++code\reverse\reverse\reverse.cpp(3): warning C4627: “#include "string"”:  在查找预编译头使用时跳过
                 将指令添加到“stdafx.h”或重新生成预编译头
     1>e:\study\c++code\reverse\reverse\reverse.cpp(26): warning C4018: “<”: 有符号/无符号不匹配
     1>e:\study\c++code\reverse\reverse\reverse.cpp(45): warning C4018: “<”: 有符号/无符号不匹配
     1>e:\study\c++code\reverse\reverse\reverse.cpp(51): warning C4390: “;”: 找到空的受控语句；这是否是有意的?
     1>e:\study\c++code\reverse\reverse\reverse.cpp(60): warning C4018: “<”: 有符号/无符号不匹配
     1>e:\study\c++code\reverse\reverse\reverse.cpp(69): warning C4018: “<”: 有符号/无符号不匹配
     1>e:\study\c++code\reverse\reverse\reverse.cpp(82): warning C4244: “return”: 从“double”转换到“int”，可能丢失数据
     1>e:\study\c++code\reverse\reverse\reverse.cpp(84): warning C4244: “return”: 从“double”转换到“int”，可能丢失数据
     1>e:\study\c++code\reverse\reverse\reverse.cpp(86): warning C4018: “<”: 有符号/无符号不匹配
     1>e:\study\c++code\reverse\reverse\reverse.cpp(107): warning C4244: “return”: 从“double”转换到“int”，可能丢失数据
     1>e:\study\c++code\reverse\reverse\reverse.cpp(109): warning C4018: “<”: 有符号/无符号不匹配
     1>e:\study\c++code\reverse\reverse\reverse.cpp(121): warning C4244: “return”: 从“double”转换到“int”，可能丢失数据
     1>e:\study\c++code\reverse\reverse\reverse.cpp(123): warning C4244: “return”: 从“double”转换到“int”，可能丢失数据
     1>e:\study\c++code\reverse\reverse\reverse.cpp(125): warning C4244: “return”: 从“__int64”转换到“int”，可能丢失数据
     1>e:\study\c++code\reverse\reverse\reverse.cpp(171): warning C4244: “return”: 从“__int64”转换到“int”，可能丢失数据
     1>e:\study\c++code\reverse\reverse\reverse.cpp(185): warning C4244: “初始化”: 从“double”转换到“int”，可能丢失数据
     1>e:\study\c++code\reverse\reverse\reverse.cpp(55): warning C4715: “isMatch”: 不是所有的控件路径都返回值
       Link:
         D:\VS2013\VC\bin\link.exe /ERRORREPORT:PROMPT /OUT:"E:\study\C++code\Reverse\Debug\Reverse.exe" /INCREMENTAL /NOLOGO kernel32.lib user32.lib gdi32.lib winspool.lib comdlg32.lib advapi32.lib shell32.lib ole32.lib oleaut32.lib uuid.lib odbc32.lib odbccp32.lib /MANIFEST /MANIFESTUAC:"level='asInvoker' uiAccess='false'" /manifest:embed /DEBUG /PDB:"E:\study\C++code\Reverse\Debug\Reverse.pdb" /SUBSYSTEM:CONSOLE /TLBID:1 /DYNAMICBASE /NXCOMPAT /IMPLIB:"E:\study\C++code\Reverse\Debug\Reverse.lib" /MACHINE:X86 Debug\Reverse.obj
         Debug\stdafx.obj
         Reverse.vcxproj -> E:\study\C++code\Reverse\Debug\Reverse.exe
     1>已完成生成项目“E:\study\C++code\Reverse\Reverse\Reverse.vcxproj”(Build 个目标)的操作。

生成成功。

已用时间 00:00:02.92
